{"C:\\Users\\sahar\\Desktop\\3rdyear\\adv.app\\matalot\\assignment2-backend\\src\\index.ts": {"path":"C:\\Users\\sahar\\Desktop\\3rdyear\\adv.app\\matalot\\assignment2-backend\\src\\index.ts","statementMap":{"0":{"start":{"line":2,"column":0},"end":{"line":2,"column":42}},"1":{"start":{"line":3,"column":0},"end":{"line":3,"column":32}},"2":{"start":{"line":4,"column":0},"end":{"line":4,"column":45}},"3":{"start":{"line":5,"column":0},"end":{"line":5,"column":51}},"4":{"start":{"line":6,"column":0},"end":{"line":6,"column":44}},"5":{"start":{"line":7,"column":0},"end":{"line":7,"column":43}},"6":{"start":{"line":8,"column":0},"end":{"line":8,"column":43}},"7":{"start":{"line":9,"column":0},"end":{"line":9,"column":45}},"8":{"start":{"line":10,"column":0},"end":{"line":10,"column":28}},"9":{"start":{"line":12,"column":16},"end":{"line":12,"column":74}},"10":{"start":{"line":13,"column":0},"end":{"line":13,"column":33}},"11":{"start":{"line":16,"column":12},"end":{"line":16,"column":21}},"12":{"start":{"line":17,"column":0},"end":{"line":17,"column":24}},"13":{"start":{"line":19,"column":0},"end":{"line":19,"column":72}},"14":{"start":{"line":22,"column":0},"end":{"line":22,"column":29}},"15":{"start":{"line":23,"column":0},"end":{"line":23,"column":36}},"16":{"start":{"line":24,"column":0},"end":{"line":24,"column":29}},"17":{"start":{"line":25,"column":0},"end":{"line":25,"column":28}},"18":{"start":{"line":27,"column":16},"end":{"line":47,"column":1}},"19":{"start":{"line":28,"column":13},"end":{"line":44,"column":4}},"20":{"start":{"line":29,"column":18},"end":{"line":29,"column":42}},"21":{"start":{"line":30,"column":4},"end":{"line":33,"column":5}},"22":{"start":{"line":31,"column":6},"end":{"line":31,"column":44}},"23":{"start":{"line":32,"column":6},"end":{"line":32,"column":13}},"24":{"start":{"line":35,"column":4},"end":{"line":39,"column":9}},"25":{"start":{"line":38,"column":8},"end":{"line":38,"column":21}},"26":{"start":{"line":41,"column":15},"end":{"line":41,"column":34}},"27":{"start":{"line":42,"column":4},"end":{"line":42,"column":52}},"28":{"start":{"line":42,"column":30},"end":{"line":42,"column":50}},"29":{"start":{"line":43,"column":4},"end":{"line":43,"column":64}},"30":{"start":{"line":43,"column":26},"end":{"line":43,"column":62}},"31":{"start":{"line":46,"column":2},"end":{"line":46,"column":12}},"32":{"start":{"line":49,"column":0},"end":{"line":49,"column":23}}},"fnMap":{"0":{"name":"(anonymous_1)","decl":{"start":{"line":27,"column":16},"end":{"line":27,"column":19}},"loc":{"start":{"line":27,"column":21},"end":{"line":47,"column":1}}},"1":{"name":"(anonymous_2)","decl":{"start":{"line":28,"column":34},"end":{"line":28,"column":35}},"loc":{"start":{"line":28,"column":54},"end":{"line":44,"column":3}}},"2":{"name":"(anonymous_3)","decl":{"start":{"line":37,"column":12},"end":{"line":37,"column":15}},"loc":{"start":{"line":37,"column":17},"end":{"line":39,"column":7}}},"3":{"name":"(anonymous_4)","decl":{"start":{"line":42,"column":19},"end":{"line":42,"column":20}},"loc":{"start":{"line":42,"column":30},"end":{"line":42,"column":50}}},"4":{"name":"(anonymous_5)","decl":{"start":{"line":43,"column":20},"end":{"line":43,"column":23}},"loc":{"start":{"line":43,"column":26},"end":{"line":43,"column":62}}}},"branchMap":{"0":{"loc":{"start":{"line":12,"column":16},"end":{"line":12,"column":74}},"type":"cond-expr","locations":[{"start":{"line":12,"column":50},"end":{"line":12,"column":61}},{"start":{"line":12,"column":64},"end":{"line":12,"column":74}}]},"1":{"loc":{"start":{"line":30,"column":4},"end":{"line":33,"column":5}},"type":"if","locations":[{"start":{"line":30,"column":4},"end":{"line":33,"column":5}},{"start":{},"end":{}}]}},"s":{"0":4,"1":4,"2":4,"3":4,"4":4,"5":4,"6":4,"7":4,"8":4,"9":4,"10":4,"11":4,"12":4,"13":4,"14":4,"15":4,"16":4,"17":4,"18":4,"19":4,"20":4,"21":4,"22":0,"23":0,"24":4,"25":4,"26":4,"27":4,"28":0,"29":4,"30":4,"31":4,"32":4},"f":{"0":4,"1":4,"2":4,"3":0,"4":4},"b":{"0":[4,0],"1":[0,4]}}
,"C:\\Users\\sahar\\Desktop\\3rdyear\\adv.app\\matalot\\assignment2-backend\\src\\controllers\\authController.ts": {"path":"C:\\Users\\sahar\\Desktop\\3rdyear\\adv.app\\matalot\\assignment2-backend\\src\\controllers\\authController.ts","statementMap":{"0":{"start":{"line":3,"column":0},"end":{"line":3,"column":28}},"1":{"start":{"line":4,"column":0},"end":{"line":4,"column":38}},"2":{"start":{"line":5,"column":0},"end":{"line":5,"column":31}},"3":{"start":{"line":7,"column":18},"end":{"line":9,"column":1}},"4":{"start":{"line":8,"column":2},"end":{"line":8,"column":44}},"5":{"start":{"line":16,"column":22},"end":{"line":33,"column":1}},"6":{"start":{"line":17,"column":19},"end":{"line":17,"column":61}},"7":{"start":{"line":19,"column":22},"end":{"line":19,"column":68}},"8":{"start":{"line":20,"column":18},"end":{"line":23,"column":null}},"9":{"start":{"line":25,"column":29},"end":{"line":25,"column":85}},"10":{"start":{"line":26,"column":17},"end":{"line":26,"column":49}},"11":{"start":{"line":27,"column":25},"end":{"line":30,"column":null}},"12":{"start":{"line":32,"column":4},"end":{"line":32,"column":35}},"13":{"start":{"line":35,"column":17},"end":{"line":55,"column":2}},"14":{"start":{"line":35,"column":55},"end":{"line":55,"column":2}},"15":{"start":{"line":36,"column":19},"end":{"line":36,"column":36}},"16":{"start":{"line":37,"column":16},"end":{"line":37,"column":30}},"17":{"start":{"line":38,"column":19},"end":{"line":38,"column":36}},"18":{"start":{"line":39,"column":2},"end":{"line":41,"column":3}},"19":{"start":{"line":40,"column":4},"end":{"line":40,"column":76}},"20":{"start":{"line":43,"column":2},"end":{"line":54,"column":3}},"21":{"start":{"line":44,"column":17},"end":{"line":44,"column":41}},"22":{"start":{"line":45,"column":27},"end":{"line":45,"column":60}},"23":{"start":{"line":46,"column":17},"end":{"line":46,"column":102}},"24":{"start":{"line":47,"column":18},"end":{"line":47,"column":52}},"25":{"start":{"line":48,"column":4},"end":{"line":48,"column":48}},"26":{"start":{"line":49,"column":4},"end":{"line":49,"column":22}},"27":{"start":{"line":51,"column":4},"end":{"line":51,"column":61}},"28":{"start":{"line":53,"column":4},"end":{"line":53,"column":56}},"29":{"start":{"line":57,"column":14},"end":{"line":79,"column":2}},"30":{"start":{"line":57,"column":52},"end":{"line":79,"column":2}},"31":{"start":{"line":58,"column":16},"end":{"line":58,"column":30}},"32":{"start":{"line":59,"column":19},"end":{"line":59,"column":36}},"33":{"start":{"line":60,"column":2},"end":{"line":62,"column":3}},"34":{"start":{"line":61,"column":4},"end":{"line":61,"column":66}},"35":{"start":{"line":63,"column":2},"end":{"line":78,"column":3}},"36":{"start":{"line":64,"column":17},"end":{"line":64,"column":51}},"37":{"start":{"line":65,"column":4},"end":{"line":67,"column":5}},"38":{"start":{"line":66,"column":6},"end":{"line":66,"column":64}},"39":{"start":{"line":68,"column":20},"end":{"line":68,"column":65}},"40":{"start":{"line":69,"column":4},"end":{"line":71,"column":5}},"41":{"start":{"line":70,"column":6},"end":{"line":70,"column":64}},"42":{"start":{"line":72,"column":18},"end":{"line":72,"column":52}},"43":{"start":{"line":73,"column":4},"end":{"line":73,"column":48}},"44":{"start":{"line":74,"column":4},"end":{"line":74,"column":22}},"45":{"start":{"line":75,"column":4},"end":{"line":75,"column":61}},"46":{"start":{"line":77,"column":4},"end":{"line":77,"column":56}},"47":{"start":{"line":81,"column":21},"end":{"line":107,"column":2}},"48":{"start":{"line":81,"column":59},"end":{"line":107,"column":2}},"49":{"start":{"line":82,"column":23},"end":{"line":82,"column":44}},"50":{"start":{"line":83,"column":2},"end":{"line":85,"column":3}},"51":{"start":{"line":84,"column":4},"end":{"line":84,"column":60}},"52":{"start":{"line":86,"column":17},"end":{"line":86,"column":59}},"53":{"start":{"line":87,"column":2},"end":{"line":106,"column":3}},"54":{"start":{"line":88,"column":20},"end":{"line":88,"column":86}},"55":{"start":{"line":90,"column":17},"end":{"line":90,"column":49}},"56":{"start":{"line":91,"column":4},"end":{"line":93,"column":5}},"57":{"start":{"line":92,"column":6},"end":{"line":92,"column":58}},"58":{"start":{"line":94,"column":4},"end":{"line":98,"column":5}},"59":{"start":{"line":95,"column":6},"end":{"line":95,"column":30}},"60":{"start":{"line":96,"column":6},"end":{"line":96,"column":24}},"61":{"start":{"line":97,"column":6},"end":{"line":97,"column":58}},"62":{"start":{"line":99,"column":18},"end":{"line":99,"column":52}},"63":{"start":{"line":100,"column":4},"end":{"line":100,"column":78}},"64":{"start":{"line":100,"column":58},"end":{"line":100,"column":76}},"65":{"start":{"line":101,"column":4},"end":{"line":101,"column":48}},"66":{"start":{"line":102,"column":4},"end":{"line":102,"column":22}},"67":{"start":{"line":103,"column":4},"end":{"line":103,"column":39}},"68":{"start":{"line":105,"column":4},"end":{"line":105,"column":56}},"69":{"start":{"line":109,"column":15},"end":{"line":127,"column":2}},"70":{"start":{"line":109,"column":53},"end":{"line":127,"column":2}},"71":{"start":{"line":110,"column":23},"end":{"line":110,"column":44}},"72":{"start":{"line":111,"column":2},"end":{"line":113,"column":3}},"73":{"start":{"line":112,"column":4},"end":{"line":112,"column":60}},"74":{"start":{"line":114,"column":17},"end":{"line":114,"column":59}},"75":{"start":{"line":115,"column":2},"end":{"line":126,"column":3}},"76":{"start":{"line":116,"column":20},"end":{"line":116,"column":71}},"77":{"start":{"line":117,"column":17},"end":{"line":117,"column":49}},"78":{"start":{"line":118,"column":4},"end":{"line":120,"column":5}},"79":{"start":{"line":119,"column":6},"end":{"line":119,"column":58}},"80":{"start":{"line":121,"column":4},"end":{"line":121,"column":78}},"81":{"start":{"line":121,"column":58},"end":{"line":121,"column":76}},"82":{"start":{"line":122,"column":4},"end":{"line":122,"column":22}},"83":{"start":{"line":123,"column":4},"end":{"line":123,"column":72}},"84":{"start":{"line":125,"column":4},"end":{"line":125,"column":56}},"85":{"start":{"line":129,"column":0},"end":{"line":134,"column":2}}},"fnMap":{"0":{"name":"(anonymous_8)","decl":{"start":{"line":7,"column":18},"end":{"line":7,"column":19}},"loc":{"start":{"line":7,"column":67},"end":{"line":9,"column":1}}},"1":{"name":"(anonymous_9)","decl":{"start":{"line":16,"column":22},"end":{"line":16,"column":23}},"loc":{"start":{"line":16,"column":56},"end":{"line":33,"column":1}}},"2":{"name":"(anonymous_10)","decl":{"start":{"line":35,"column":17},"end":{"line":35,"column":24}},"loc":{"start":{"line":35,"column":55},"end":{"line":55,"column":2}}},"3":{"name":"(anonymous_11)","decl":{"start":{"line":35,"column":55},"end":{"line":35,"column":null}},"loc":{"start":{"line":35,"column":55},"end":{"line":55,"column":1}}},"4":{"name":"(anonymous_12)","decl":{"start":{"line":57,"column":14},"end":{"line":57,"column":21}},"loc":{"start":{"line":57,"column":52},"end":{"line":79,"column":2}}},"5":{"name":"(anonymous_13)","decl":{"start":{"line":57,"column":52},"end":{"line":57,"column":null}},"loc":{"start":{"line":57,"column":52},"end":{"line":79,"column":1}}},"6":{"name":"(anonymous_14)","decl":{"start":{"line":81,"column":21},"end":{"line":81,"column":28}},"loc":{"start":{"line":81,"column":59},"end":{"line":107,"column":2}}},"7":{"name":"(anonymous_15)","decl":{"start":{"line":81,"column":59},"end":{"line":81,"column":null}},"loc":{"start":{"line":81,"column":59},"end":{"line":107,"column":1}}},"8":{"name":"(anonymous_16)","decl":{"start":{"line":100,"column":51},"end":{"line":100,"column":52}},"loc":{"start":{"line":100,"column":58},"end":{"line":100,"column":76}}},"9":{"name":"(anonymous_17)","decl":{"start":{"line":109,"column":15},"end":{"line":109,"column":22}},"loc":{"start":{"line":109,"column":53},"end":{"line":127,"column":2}}},"10":{"name":"(anonymous_18)","decl":{"start":{"line":109,"column":53},"end":{"line":109,"column":null}},"loc":{"start":{"line":109,"column":53},"end":{"line":127,"column":1}}},"11":{"name":"(anonymous_19)","decl":{"start":{"line":121,"column":51},"end":{"line":121,"column":52}},"loc":{"start":{"line":121,"column":58},"end":{"line":121,"column":76}}}},"branchMap":{"0":{"loc":{"start":{"line":17,"column":19},"end":{"line":17,"column":61}},"type":"binary-expr","locations":[{"start":{"line":17,"column":19},"end":{"line":17,"column":41}},{"start":{"line":17,"column":45},"end":{"line":17,"column":61}}]},"1":{"loc":{"start":{"line":19,"column":31},"end":{"line":19,"column":67}},"type":"binary-expr","locations":[{"start":{"line":19,"column":31},"end":{"line":19,"column":57}},{"start":{"line":19,"column":61},"end":{"line":19,"column":67}}]},"2":{"loc":{"start":{"line":25,"column":38},"end":{"line":25,"column":84}},"type":"binary-expr","locations":[{"start":{"line":25,"column":38},"end":{"line":25,"column":74}},{"start":{"line":25,"column":78},"end":{"line":25,"column":84}}]},"3":{"loc":{"start":{"line":39,"column":2},"end":{"line":41,"column":3}},"type":"if","locations":[{"start":{"line":39,"column":2},"end":{"line":41,"column":3}},{"start":{},"end":{}}]},"4":{"loc":{"start":{"line":39,"column":6},"end":{"line":39,"column":38}},"type":"binary-expr","locations":[{"start":{"line":39,"column":6},"end":{"line":39,"column":15}},{"start":{"line":39,"column":19},"end":{"line":39,"column":25}},{"start":{"line":39,"column":29},"end":{"line":39,"column":38}}]},"5":{"loc":{"start":{"line":60,"column":2},"end":{"line":62,"column":3}},"type":"if","locations":[{"start":{"line":60,"column":2},"end":{"line":62,"column":3}},{"start":{},"end":{}}]},"6":{"loc":{"start":{"line":60,"column":6},"end":{"line":60,"column":25}},"type":"binary-expr","locations":[{"start":{"line":60,"column":6},"end":{"line":60,"column":12}},{"start":{"line":60,"column":16},"end":{"line":60,"column":25}}]},"7":{"loc":{"start":{"line":65,"column":4},"end":{"line":67,"column":5}},"type":"if","locations":[{"start":{"line":65,"column":4},"end":{"line":67,"column":5}},{"start":{},"end":{}}]},"8":{"loc":{"start":{"line":69,"column":4},"end":{"line":71,"column":5}},"type":"if","locations":[{"start":{"line":69,"column":4},"end":{"line":71,"column":5}},{"start":{},"end":{}}]},"9":{"loc":{"start":{"line":83,"column":2},"end":{"line":85,"column":3}},"type":"if","locations":[{"start":{"line":83,"column":2},"end":{"line":85,"column":3}},{"start":{},"end":{}}]},"10":{"loc":{"start":{"line":86,"column":17},"end":{"line":86,"column":59}},"type":"binary-expr","locations":[{"start":{"line":86,"column":17},"end":{"line":86,"column":39}},{"start":{"line":86,"column":43},"end":{"line":86,"column":59}}]},"11":{"loc":{"start":{"line":91,"column":4},"end":{"line":93,"column":5}},"type":"if","locations":[{"start":{"line":91,"column":4},"end":{"line":93,"column":5}},{"start":{},"end":{}}]},"12":{"loc":{"start":{"line":94,"column":4},"end":{"line":98,"column":5}},"type":"if","locations":[{"start":{"line":94,"column":4},"end":{"line":98,"column":5}},{"start":{},"end":{}}]},"13":{"loc":{"start":{"line":111,"column":2},"end":{"line":113,"column":3}},"type":"if","locations":[{"start":{"line":111,"column":2},"end":{"line":113,"column":3}},{"start":{},"end":{}}]},"14":{"loc":{"start":{"line":114,"column":17},"end":{"line":114,"column":59}},"type":"binary-expr","locations":[{"start":{"line":114,"column":17},"end":{"line":114,"column":39}},{"start":{"line":114,"column":43},"end":{"line":114,"column":59}}]},"15":{"loc":{"start":{"line":118,"column":4},"end":{"line":120,"column":5}},"type":"if","locations":[{"start":{"line":118,"column":4},"end":{"line":120,"column":5}},{"start":{},"end":{}}]}},"s":{"0":4,"1":4,"2":4,"3":4,"4":13,"5":4,"6":8,"7":8,"8":8,"9":8,"10":8,"11":8,"12":8,"13":4,"14":8,"15":8,"16":8,"17":8,"18":8,"19":3,"20":5,"21":5,"22":5,"23":5,"24":3,"25":3,"26":3,"27":3,"28":2,"29":4,"30":7,"31":7,"32":7,"33":7,"34":2,"35":5,"36":5,"37":5,"38":1,"39":4,"40":4,"41":1,"42":3,"43":3,"44":3,"45":3,"46":0,"47":4,"48":5,"49":5,"50":5,"51":0,"52":5,"53":5,"54":5,"55":5,"56":5,"57":0,"58":5,"59":3,"60":3,"61":3,"62":2,"63":2,"64":4,"65":2,"66":2,"67":2,"68":0,"69":4,"70":2,"71":2,"72":2,"73":1,"74":1,"75":1,"76":1,"77":1,"78":1,"79":0,"80":1,"81":0,"82":1,"83":1,"84":0,"85":4},"f":{"0":13,"1":8,"2":8,"3":8,"4":7,"5":7,"6":5,"7":5,"8":4,"9":2,"10":2,"11":0},"b":{"0":[8,0],"1":[8,0],"2":[8,0],"3":[3,5],"4":[8,7,6],"5":[2,5],"6":[7,6],"7":[1,4],"8":[1,3],"9":[0,5],"10":[5,0],"11":[0,5],"12":[3,2],"13":[1,1],"14":[1,0],"15":[0,1]}}
,"C:\\Users\\sahar\\Desktop\\3rdyear\\adv.app\\matalot\\assignment2-backend\\src\\controllers\\commentController.ts": {"path":"C:\\Users\\sahar\\Desktop\\3rdyear\\adv.app\\matalot\\assignment2-backend\\src\\controllers\\commentController.ts","statementMap":{"0":{"start":{"line":3,"column":0},"end":{"line":3,"column":49}},"1":{"start":{"line":4,"column":0},"end":{"line":4,"column":32}},"2":{"start":{"line":7,"column":28},"end":{"line":21,"column":2}},"3":{"start":{"line":7,"column":66},"end":{"line":21,"column":2}},"4":{"start":{"line":8,"column":20},"end":{"line":8,"column":58}},"5":{"start":{"line":9,"column":4},"end":{"line":20,"column":5}},"6":{"start":{"line":11,"column":8},"end":{"line":15,"column":9}},"7":{"start":{"line":12,"column":12},"end":{"line":12,"column":67}},"8":{"start":{"line":14,"column":12},"end":{"line":14,"column":49}},"9":{"start":{"line":17,"column":8},"end":{"line":17,"column":39}},"10":{"start":{"line":19,"column":8},"end":{"line":19,"column":55}},"11":{"start":{"line":24,"column":23},"end":{"line":35,"column":2}},"12":{"start":{"line":24,"column":61},"end":{"line":35,"column":2}},"13":{"start":{"line":25,"column":15},"end":{"line":25,"column":28}},"14":{"start":{"line":26,"column":4},"end":{"line":34,"column":5}},"15":{"start":{"line":27,"column":24},"end":{"line":27,"column":55}},"16":{"start":{"line":28,"column":8},"end":{"line":30,"column":9}},"17":{"start":{"line":29,"column":12},"end":{"line":29,"column":61}},"18":{"start":{"line":31,"column":8},"end":{"line":31,"column":26}},"19":{"start":{"line":33,"column":8},"end":{"line":33,"column":57}},"20":{"start":{"line":38,"column":22},"end":{"line":60,"column":2}},"21":{"start":{"line":38,"column":60},"end":{"line":60,"column":2}},"22":{"start":{"line":39,"column":2},"end":{"line":59,"column":5}},"23":{"start":{"line":40,"column":19},"end":{"line":40,"column":41}},"24":{"start":{"line":41,"column":4},"end":{"line":43,"column":5}},"25":{"start":{"line":42,"column":6},"end":{"line":42,"column":63}},"26":{"start":{"line":45,"column":32},"end":{"line":45,"column":40}},"27":{"start":{"line":46,"column":4},"end":{"line":48,"column":5}},"28":{"start":{"line":47,"column":6},"end":{"line":47,"column":82}},"29":{"start":{"line":50,"column":23},"end":{"line":54,"column":6}},"30":{"start":{"line":56,"column":4},"end":{"line":56,"column":37}},"31":{"start":{"line":58,"column":8},"end":{"line":58,"column":55}},"32":{"start":{"line":63,"column":22},"end":{"line":73,"column":2}},"33":{"start":{"line":63,"column":60},"end":{"line":73,"column":2}},"34":{"start":{"line":64,"column":15},"end":{"line":64,"column":28}},"35":{"start":{"line":65,"column":4},"end":{"line":72,"column":5}},"36":{"start":{"line":66,"column":24},"end":{"line":66,"column":64}},"37":{"start":{"line":67,"column":8},"end":{"line":67,"column":71}},"38":{"start":{"line":67,"column":22},"end":{"line":67,"column":71}},"39":{"start":{"line":69,"column":8},"end":{"line":69,"column":38}},"40":{"start":{"line":71,"column":8},"end":{"line":71,"column":55}},"41":{"start":{"line":76,"column":22},"end":{"line":90,"column":2}},"42":{"start":{"line":76,"column":60},"end":{"line":90,"column":2}},"43":{"start":{"line":77,"column":15},"end":{"line":77,"column":28}},"44":{"start":{"line":78,"column":21},"end":{"line":78,"column":39}},"45":{"start":{"line":79,"column":4},"end":{"line":79,"column":30}},"46":{"start":{"line":80,"column":4},"end":{"line":80,"column":30}},"47":{"start":{"line":81,"column":4},"end":{"line":89,"column":5}},"48":{"start":{"line":82,"column":31},"end":{"line":82,"column":99}},"49":{"start":{"line":83,"column":8},"end":{"line":85,"column":9}},"50":{"start":{"line":84,"column":12},"end":{"line":84,"column":61}},"51":{"start":{"line":86,"column":8},"end":{"line":86,"column":33}},"52":{"start":{"line":88,"column":8},"end":{"line":88,"column":55}},"53":{"start":{"line":94,"column":0},"end":{"line":100,"column":2}}},"fnMap":{"0":{"name":"(anonymous_8)","decl":{"start":{"line":7,"column":28},"end":{"line":7,"column":35}},"loc":{"start":{"line":7,"column":66},"end":{"line":21,"column":2}}},"1":{"name":"(anonymous_9)","decl":{"start":{"line":7,"column":66},"end":{"line":7,"column":null}},"loc":{"start":{"line":7,"column":66},"end":{"line":21,"column":1}}},"2":{"name":"(anonymous_10)","decl":{"start":{"line":24,"column":23},"end":{"line":24,"column":30}},"loc":{"start":{"line":24,"column":61},"end":{"line":35,"column":2}}},"3":{"name":"(anonymous_11)","decl":{"start":{"line":24,"column":61},"end":{"line":24,"column":null}},"loc":{"start":{"line":24,"column":61},"end":{"line":35,"column":1}}},"4":{"name":"(anonymous_12)","decl":{"start":{"line":38,"column":22},"end":{"line":38,"column":29}},"loc":{"start":{"line":38,"column":60},"end":{"line":60,"column":2}}},"5":{"name":"(anonymous_13)","decl":{"start":{"line":38,"column":60},"end":{"line":38,"column":null}},"loc":{"start":{"line":38,"column":60},"end":{"line":60,"column":1}}},"6":{"name":"(anonymous_14)","decl":{"start":{"line":63,"column":22},"end":{"line":63,"column":29}},"loc":{"start":{"line":63,"column":60},"end":{"line":73,"column":2}}},"7":{"name":"(anonymous_15)","decl":{"start":{"line":63,"column":60},"end":{"line":63,"column":null}},"loc":{"start":{"line":63,"column":60},"end":{"line":73,"column":1}}},"8":{"name":"(anonymous_16)","decl":{"start":{"line":76,"column":22},"end":{"line":76,"column":29}},"loc":{"start":{"line":76,"column":60},"end":{"line":90,"column":2}}},"9":{"name":"(anonymous_17)","decl":{"start":{"line":76,"column":60},"end":{"line":76,"column":null}},"loc":{"start":{"line":76,"column":60},"end":{"line":90,"column":1}}}},"branchMap":{"0":{"loc":{"start":{"line":11,"column":8},"end":{"line":15,"column":9}},"type":"if","locations":[{"start":{"line":11,"column":8},"end":{"line":15,"column":9}},{"start":{"line":13,"column":15},"end":{"line":15,"column":9}}]},"1":{"loc":{"start":{"line":11,"column":12},"end":{"line":11,"column":61}},"type":"binary-expr","locations":[{"start":{"line":11,"column":12},"end":{"line":11,"column":18}},{"start":{"line":11,"column":22},"end":{"line":11,"column":61}}]},"2":{"loc":{"start":{"line":28,"column":8},"end":{"line":30,"column":9}},"type":"if","locations":[{"start":{"line":28,"column":8},"end":{"line":30,"column":9}},{"start":{},"end":{}}]},"3":{"loc":{"start":{"line":40,"column":19},"end":{"line":40,"column":41}},"type":"cond-expr","locations":[{"start":{"line":40,"column":36},"end":{"line":40,"column":38}},{"start":{"line":40,"column":36},"end":{"line":40,"column":41}}]},"4":{"loc":{"start":{"line":40,"column":19},"end":{"line":40,"column":38}},"type":"binary-expr","locations":[{"start":{"line":40,"column":19},"end":{"line":40,"column":38}},{"start":{"line":40,"column":36},"end":{"line":40,"column":38}}]},"5":{"loc":{"start":{"line":41,"column":4},"end":{"line":43,"column":5}},"type":"if","locations":[{"start":{"line":41,"column":4},"end":{"line":43,"column":5}},{"start":{},"end":{}}]},"6":{"loc":{"start":{"line":46,"column":4},"end":{"line":48,"column":5}},"type":"if","locations":[{"start":{"line":46,"column":4},"end":{"line":48,"column":5}},{"start":{},"end":{}}]},"7":{"loc":{"start":{"line":46,"column":8},"end":{"line":46,"column":27}},"type":"binary-expr","locations":[{"start":{"line":46,"column":8},"end":{"line":46,"column":15}},{"start":{"line":46,"column":19},"end":{"line":46,"column":27}}]},"8":{"loc":{"start":{"line":67,"column":8},"end":{"line":67,"column":71}},"type":"if","locations":[{"start":{"line":67,"column":8},"end":{"line":67,"column":71}},{"start":{},"end":{}}]},"9":{"loc":{"start":{"line":83,"column":8},"end":{"line":85,"column":9}},"type":"if","locations":[{"start":{"line":83,"column":8},"end":{"line":85,"column":9}},{"start":{},"end":{}}]}},"s":{"0":4,"1":4,"2":4,"3":3,"4":3,"5":3,"6":3,"7":1,"8":2,"9":3,"10":0,"11":4,"12":2,"13":2,"14":2,"15":2,"16":2,"17":1,"18":1,"19":0,"20":4,"21":5,"22":5,"23":5,"24":5,"25":0,"26":5,"27":5,"28":0,"29":5,"30":5,"31":0,"32":4,"33":1,"34":1,"35":1,"36":1,"37":1,"38":0,"39":1,"40":0,"41":4,"42":1,"43":1,"44":1,"45":1,"46":1,"47":1,"48":1,"49":1,"50":0,"51":1,"52":0,"53":4},"f":{"0":3,"1":3,"2":2,"3":2,"4":5,"5":5,"6":1,"7":1,"8":1,"9":1},"b":{"0":[1,2],"1":[3,1],"2":[1,1],"3":[0,5],"4":[5,5],"5":[0,5],"6":[0,5],"7":[5,5],"8":[0,1],"9":[0,1]}}
,"C:\\Users\\sahar\\Desktop\\3rdyear\\adv.app\\matalot\\assignment2-backend\\src\\controllers\\postControllers.ts": {"path":"C:\\Users\\sahar\\Desktop\\3rdyear\\adv.app\\matalot\\assignment2-backend\\src\\controllers\\postControllers.ts","statementMap":{"0":{"start":{"line":3,"column":0},"end":{"line":3,"column":43}},"1":{"start":{"line":4,"column":0},"end":{"line":4,"column":49}},"2":{"start":{"line":5,"column":0},"end":{"line":5,"column":32}},"3":{"start":{"line":8,"column":20},"end":{"line":21,"column":2}},"4":{"start":{"line":8,"column":57},"end":{"line":21,"column":2}},"5":{"start":{"line":9,"column":4},"end":{"line":20,"column":5}},"6":{"start":{"line":10,"column":23},"end":{"line":10,"column":61}},"7":{"start":{"line":11,"column":8},"end":{"line":14,"column":5}},"8":{"start":{"line":12,"column":20},"end":{"line":12,"column":52}},"9":{"start":{"line":13,"column":6},"end":{"line":13,"column":41}},"10":{"start":{"line":16,"column":18},"end":{"line":16,"column":40}},"11":{"start":{"line":17,"column":4},"end":{"line":17,"column":32}},"12":{"start":{"line":19,"column":8},"end":{"line":19,"column":55}},"13":{"start":{"line":23,"column":20},"end":{"line":35,"column":2}},"14":{"start":{"line":23,"column":58},"end":{"line":35,"column":2}},"15":{"start":{"line":24,"column":15},"end":{"line":24,"column":28}},"16":{"start":{"line":25,"column":4},"end":{"line":34,"column":5}},"17":{"start":{"line":26,"column":21},"end":{"line":26,"column":49}},"18":{"start":{"line":27,"column":8},"end":{"line":29,"column":9}},"19":{"start":{"line":28,"column":12},"end":{"line":28,"column":58}},"20":{"start":{"line":30,"column":8},"end":{"line":30,"column":23}},"21":{"start":{"line":32,"column":8},"end":{"line":32,"column":27}},"22":{"start":{"line":33,"column":8},"end":{"line":33,"column":57}},"23":{"start":{"line":37,"column":22},"end":{"line":59,"column":2}},"24":{"start":{"line":37,"column":60},"end":{"line":59,"column":2}},"25":{"start":{"line":38,"column":2},"end":{"line":58,"column":5}},"26":{"start":{"line":39,"column":19},"end":{"line":39,"column":41}},"27":{"start":{"line":40,"column":4},"end":{"line":42,"column":5}},"28":{"start":{"line":41,"column":6},"end":{"line":41,"column":63}},"29":{"start":{"line":44,"column":31},"end":{"line":44,"column":39}},"30":{"start":{"line":45,"column":4},"end":{"line":47,"column":5}},"31":{"start":{"line":46,"column":6},"end":{"line":46,"column":81}},"32":{"start":{"line":49,"column":20},"end":{"line":53,"column":6}},"33":{"start":{"line":55,"column":4},"end":{"line":55,"column":34}},"34":{"start":{"line":57,"column":8},"end":{"line":57,"column":52}},"35":{"start":{"line":61,"column":19},"end":{"line":74,"column":2}},"36":{"start":{"line":61,"column":57},"end":{"line":74,"column":2}},"37":{"start":{"line":62,"column":15},"end":{"line":62,"column":28}},"38":{"start":{"line":63,"column":21},"end":{"line":63,"column":39}},"39":{"start":{"line":64,"column":4},"end":{"line":64,"column":30}},"40":{"start":{"line":65,"column":4},"end":{"line":73,"column":5}},"41":{"start":{"line":66,"column":28},"end":{"line":66,"column":93}},"42":{"start":{"line":67,"column":8},"end":{"line":69,"column":9}},"43":{"start":{"line":68,"column":12},"end":{"line":68,"column":58}},"44":{"start":{"line":70,"column":8},"end":{"line":70,"column":30}},"45":{"start":{"line":72,"column":8},"end":{"line":72,"column":52}},"46":{"start":{"line":76,"column":28},"end":{"line":84,"column":2}},"47":{"start":{"line":76,"column":66},"end":{"line":84,"column":2}},"48":{"start":{"line":77,"column":19},"end":{"line":77,"column":36}},"49":{"start":{"line":78,"column":4},"end":{"line":83,"column":5}},"50":{"start":{"line":79,"column":25},"end":{"line":79,"column":68}},"51":{"start":{"line":80,"column":8},"end":{"line":80,"column":39}},"52":{"start":{"line":82,"column":8},"end":{"line":82,"column":55}},"53":{"start":{"line":86,"column":19},"end":{"line":97,"column":2}},"54":{"start":{"line":86,"column":57},"end":{"line":97,"column":2}},"55":{"start":{"line":87,"column":15},"end":{"line":87,"column":28}},"56":{"start":{"line":88,"column":4},"end":{"line":96,"column":5}},"57":{"start":{"line":89,"column":28},"end":{"line":89,"column":65}},"58":{"start":{"line":90,"column":8},"end":{"line":92,"column":9}},"59":{"start":{"line":91,"column":12},"end":{"line":91,"column":58}},"60":{"start":{"line":93,"column":8},"end":{"line":93,"column":30}},"61":{"start":{"line":95,"column":8},"end":{"line":95,"column":52}},"62":{"start":{"line":99,"column":0},"end":{"line":106,"column":2}}},"fnMap":{"0":{"name":"(anonymous_8)","decl":{"start":{"line":8,"column":20},"end":{"line":8,"column":27}},"loc":{"start":{"line":8,"column":57},"end":{"line":21,"column":2}}},"1":{"name":"(anonymous_9)","decl":{"start":{"line":8,"column":57},"end":{"line":8,"column":null}},"loc":{"start":{"line":8,"column":57},"end":{"line":21,"column":1}}},"2":{"name":"(anonymous_10)","decl":{"start":{"line":23,"column":20},"end":{"line":23,"column":27}},"loc":{"start":{"line":23,"column":58},"end":{"line":35,"column":2}}},"3":{"name":"(anonymous_11)","decl":{"start":{"line":23,"column":58},"end":{"line":23,"column":null}},"loc":{"start":{"line":23,"column":58},"end":{"line":35,"column":1}}},"4":{"name":"(anonymous_12)","decl":{"start":{"line":37,"column":22},"end":{"line":37,"column":29}},"loc":{"start":{"line":37,"column":60},"end":{"line":59,"column":2}}},"5":{"name":"(anonymous_13)","decl":{"start":{"line":37,"column":60},"end":{"line":37,"column":null}},"loc":{"start":{"line":37,"column":60},"end":{"line":59,"column":1}}},"6":{"name":"(anonymous_14)","decl":{"start":{"line":61,"column":19},"end":{"line":61,"column":26}},"loc":{"start":{"line":61,"column":57},"end":{"line":74,"column":2}}},"7":{"name":"(anonymous_15)","decl":{"start":{"line":61,"column":57},"end":{"line":61,"column":null}},"loc":{"start":{"line":61,"column":57},"end":{"line":74,"column":1}}},"8":{"name":"(anonymous_16)","decl":{"start":{"line":76,"column":28},"end":{"line":76,"column":35}},"loc":{"start":{"line":76,"column":66},"end":{"line":84,"column":2}}},"9":{"name":"(anonymous_17)","decl":{"start":{"line":76,"column":66},"end":{"line":76,"column":null}},"loc":{"start":{"line":76,"column":66},"end":{"line":84,"column":1}}},"10":{"name":"(anonymous_18)","decl":{"start":{"line":86,"column":19},"end":{"line":86,"column":26}},"loc":{"start":{"line":86,"column":57},"end":{"line":97,"column":2}}},"11":{"name":"(anonymous_19)","decl":{"start":{"line":86,"column":57},"end":{"line":86,"column":null}},"loc":{"start":{"line":86,"column":57},"end":{"line":97,"column":1}}}},"branchMap":{"0":{"loc":{"start":{"line":11,"column":8},"end":{"line":14,"column":5}},"type":"if","locations":[{"start":{"line":11,"column":8},"end":{"line":14,"column":5}},{"start":{},"end":{}}]},"1":{"loc":{"start":{"line":11,"column":12},"end":{"line":11,"column":61}},"type":"binary-expr","locations":[{"start":{"line":11,"column":12},"end":{"line":11,"column":18}},{"start":{"line":11,"column":22},"end":{"line":11,"column":61}}]},"2":{"loc":{"start":{"line":27,"column":8},"end":{"line":29,"column":9}},"type":"if","locations":[{"start":{"line":27,"column":8},"end":{"line":29,"column":9}},{"start":{},"end":{}}]},"3":{"loc":{"start":{"line":39,"column":19},"end":{"line":39,"column":41}},"type":"cond-expr","locations":[{"start":{"line":39,"column":36},"end":{"line":39,"column":38}},{"start":{"line":39,"column":36},"end":{"line":39,"column":41}}]},"4":{"loc":{"start":{"line":39,"column":19},"end":{"line":39,"column":38}},"type":"binary-expr","locations":[{"start":{"line":39,"column":19},"end":{"line":39,"column":38}},{"start":{"line":39,"column":36},"end":{"line":39,"column":38}}]},"5":{"loc":{"start":{"line":40,"column":4},"end":{"line":42,"column":5}},"type":"if","locations":[{"start":{"line":40,"column":4},"end":{"line":42,"column":5}},{"start":{},"end":{}}]},"6":{"loc":{"start":{"line":45,"column":4},"end":{"line":47,"column":5}},"type":"if","locations":[{"start":{"line":45,"column":4},"end":{"line":47,"column":5}},{"start":{},"end":{}}]},"7":{"loc":{"start":{"line":45,"column":8},"end":{"line":45,"column":26}},"type":"binary-expr","locations":[{"start":{"line":45,"column":8},"end":{"line":45,"column":14}},{"start":{"line":45,"column":18},"end":{"line":45,"column":26}}]},"8":{"loc":{"start":{"line":67,"column":8},"end":{"line":69,"column":9}},"type":"if","locations":[{"start":{"line":67,"column":8},"end":{"line":69,"column":9}},{"start":{},"end":{}}]},"9":{"loc":{"start":{"line":90,"column":8},"end":{"line":92,"column":9}},"type":"if","locations":[{"start":{"line":90,"column":8},"end":{"line":92,"column":9}},{"start":{},"end":{}}]}},"s":{"0":4,"1":4,"2":4,"3":4,"4":3,"5":3,"6":3,"7":3,"8":1,"9":1,"10":2,"11":2,"12":0,"13":4,"14":2,"15":2,"16":2,"17":2,"18":2,"19":1,"20":1,"21":0,"22":0,"23":4,"24":6,"25":6,"26":6,"27":6,"28":0,"29":6,"30":6,"31":0,"32":6,"33":6,"34":0,"35":4,"36":1,"37":1,"38":1,"39":1,"40":1,"41":1,"42":1,"43":0,"44":1,"45":0,"46":4,"47":1,"48":1,"49":1,"50":1,"51":1,"52":0,"53":4,"54":1,"55":1,"56":1,"57":1,"58":1,"59":0,"60":1,"61":0,"62":4},"f":{"0":3,"1":3,"2":2,"3":2,"4":6,"5":6,"6":1,"7":1,"8":1,"9":1,"10":1,"11":1},"b":{"0":[1,2],"1":[3,1],"2":[1,1],"3":[0,6],"4":[6,6],"5":[0,6],"6":[0,6],"7":[6,6],"8":[0,1],"9":[0,1]}}
,"C:\\Users\\sahar\\Desktop\\3rdyear\\adv.app\\matalot\\assignment2-backend\\src\\controllers\\userController.ts": {"path":"C:\\Users\\sahar\\Desktop\\3rdyear\\adv.app\\matalot\\assignment2-backend\\src\\controllers\\userController.ts","statementMap":{"0":{"start":{"line":3,"column":0},"end":{"line":3,"column":28}},"1":{"start":{"line":4,"column":0},"end":{"line":4,"column":43}},"2":{"start":{"line":6,"column":20},"end":{"line":23,"column":2}},"3":{"start":{"line":6,"column":58},"end":{"line":23,"column":2}},"4":{"start":{"line":7,"column":2},"end":{"line":22,"column":5}},"5":{"start":{"line":8,"column":21},"end":{"line":8,"column":61}},"6":{"start":{"line":9,"column":18},"end":{"line":9,"column":55}},"7":{"start":{"line":10,"column":4},"end":{"line":19,"column":5}},"8":{"start":{"line":11,"column":20},"end":{"line":11,"column":99}},"9":{"start":{"line":12,"column":6},"end":{"line":12,"column":41}},"10":{"start":{"line":13,"column":11},"end":{"line":19,"column":5}},"11":{"start":{"line":14,"column":20},"end":{"line":14,"column":93}},"12":{"start":{"line":15,"column":6},"end":{"line":15,"column":41}},"13":{"start":{"line":17,"column":20},"end":{"line":17,"column":77}},"14":{"start":{"line":18,"column":6},"end":{"line":18,"column":41}},"15":{"start":{"line":21,"column":8},"end":{"line":21,"column":55}},"16":{"start":{"line":25,"column":20},"end":{"line":36,"column":2}},"17":{"start":{"line":25,"column":58},"end":{"line":36,"column":2}},"18":{"start":{"line":26,"column":15},"end":{"line":26,"column":28}},"19":{"start":{"line":27,"column":4},"end":{"line":35,"column":5}},"20":{"start":{"line":28,"column":21},"end":{"line":28,"column":84}},"21":{"start":{"line":29,"column":8},"end":{"line":31,"column":9}},"22":{"start":{"line":30,"column":12},"end":{"line":30,"column":58}},"23":{"start":{"line":32,"column":8},"end":{"line":32,"column":23}},"24":{"start":{"line":34,"column":8},"end":{"line":34,"column":54}},"25":{"start":{"line":38,"column":19},"end":{"line":64,"column":2}},"26":{"start":{"line":38,"column":57},"end":{"line":64,"column":2}},"27":{"start":{"line":39,"column":2},"end":{"line":63,"column":5}},"28":{"start":{"line":40,"column":42},"end":{"line":40,"column":50}},"29":{"start":{"line":41,"column":4},"end":{"line":43,"column":5}},"30":{"start":{"line":42,"column":6},"end":{"line":42,"column":92}},"31":{"start":{"line":45,"column":17},"end":{"line":45,"column":41}},"32":{"start":{"line":46,"column":27},"end":{"line":46,"column":60}},"33":{"start":{"line":48,"column":20},"end":{"line":53,"column":6}},"34":{"start":{"line":55,"column":4},"end":{"line":60,"column":7}},"35":{"start":{"line":62,"column":8},"end":{"line":62,"column":62}},"36":{"start":{"line":66,"column":19},"end":{"line":85,"column":2}},"37":{"start":{"line":66,"column":57},"end":{"line":85,"column":2}},"38":{"start":{"line":67,"column":13},"end":{"line":67,"column":26}},"39":{"start":{"line":68,"column":19},"end":{"line":68,"column":37}},"40":{"start":{"line":69,"column":2},"end":{"line":69,"column":35}},"41":{"start":{"line":70,"column":2},"end":{"line":84,"column":5}},"42":{"start":{"line":71,"column":4},"end":{"line":74,"column":5}},"43":{"start":{"line":72,"column":19},"end":{"line":72,"column":43}},"44":{"start":{"line":73,"column":6},"end":{"line":73,"column":75}},"45":{"start":{"line":76,"column":24},"end":{"line":76,"column":124}},"46":{"start":{"line":77,"column":4},"end":{"line":79,"column":5}},"47":{"start":{"line":78,"column":6},"end":{"line":78,"column":52}},"48":{"start":{"line":81,"column":4},"end":{"line":81,"column":26}},"49":{"start":{"line":83,"column":8},"end":{"line":83,"column":52}},"50":{"start":{"line":87,"column":19},"end":{"line":102,"column":2}},"51":{"start":{"line":87,"column":57},"end":{"line":102,"column":2}},"52":{"start":{"line":88,"column":15},"end":{"line":88,"column":28}},"53":{"start":{"line":89,"column":4},"end":{"line":101,"column":5}},"54":{"start":{"line":90,"column":28},"end":{"line":90,"column":65}},"55":{"start":{"line":91,"column":8},"end":{"line":93,"column":9}},"56":{"start":{"line":92,"column":12},"end":{"line":92,"column":58}},"57":{"start":{"line":94,"column":8},"end":{"line":98,"column":11}},"58":{"start":{"line":100,"column":8},"end":{"line":100,"column":52}},"59":{"start":{"line":104,"column":0},"end":{"line":110,"column":2}}},"fnMap":{"0":{"name":"(anonymous_8)","decl":{"start":{"line":6,"column":20},"end":{"line":6,"column":27}},"loc":{"start":{"line":6,"column":58},"end":{"line":23,"column":2}}},"1":{"name":"(anonymous_9)","decl":{"start":{"line":6,"column":58},"end":{"line":6,"column":null}},"loc":{"start":{"line":6,"column":58},"end":{"line":23,"column":1}}},"2":{"name":"(anonymous_10)","decl":{"start":{"line":25,"column":20},"end":{"line":25,"column":27}},"loc":{"start":{"line":25,"column":58},"end":{"line":36,"column":2}}},"3":{"name":"(anonymous_11)","decl":{"start":{"line":25,"column":58},"end":{"line":25,"column":null}},"loc":{"start":{"line":25,"column":58},"end":{"line":36,"column":1}}},"4":{"name":"(anonymous_12)","decl":{"start":{"line":38,"column":19},"end":{"line":38,"column":26}},"loc":{"start":{"line":38,"column":57},"end":{"line":64,"column":2}}},"5":{"name":"(anonymous_13)","decl":{"start":{"line":38,"column":57},"end":{"line":38,"column":null}},"loc":{"start":{"line":38,"column":57},"end":{"line":64,"column":1}}},"6":{"name":"(anonymous_14)","decl":{"start":{"line":66,"column":19},"end":{"line":66,"column":26}},"loc":{"start":{"line":66,"column":57},"end":{"line":85,"column":2}}},"7":{"name":"(anonymous_15)","decl":{"start":{"line":66,"column":57},"end":{"line":66,"column":null}},"loc":{"start":{"line":66,"column":57},"end":{"line":85,"column":1}}},"8":{"name":"(anonymous_16)","decl":{"start":{"line":87,"column":19},"end":{"line":87,"column":26}},"loc":{"start":{"line":87,"column":57},"end":{"line":102,"column":2}}},"9":{"name":"(anonymous_17)","decl":{"start":{"line":87,"column":57},"end":{"line":87,"column":null}},"loc":{"start":{"line":87,"column":57},"end":{"line":102,"column":1}}}},"branchMap":{"0":{"loc":{"start":{"line":10,"column":4},"end":{"line":19,"column":5}},"type":"if","locations":[{"start":{"line":10,"column":4},"end":{"line":19,"column":5}},{"start":{"line":13,"column":11},"end":{"line":19,"column":5}}]},"1":{"loc":{"start":{"line":13,"column":11},"end":{"line":19,"column":5}},"type":"if","locations":[{"start":{"line":13,"column":11},"end":{"line":19,"column":5}},{"start":{"line":16,"column":11},"end":{"line":19,"column":5}}]},"2":{"loc":{"start":{"line":29,"column":8},"end":{"line":31,"column":9}},"type":"if","locations":[{"start":{"line":29,"column":8},"end":{"line":31,"column":9}},{"start":{},"end":{}}]},"3":{"loc":{"start":{"line":41,"column":4},"end":{"line":43,"column":5}},"type":"if","locations":[{"start":{"line":41,"column":4},"end":{"line":43,"column":5}},{"start":{},"end":{}}]},"4":{"loc":{"start":{"line":41,"column":8},"end":{"line":41,"column":40}},"type":"binary-expr","locations":[{"start":{"line":41,"column":8},"end":{"line":41,"column":17}},{"start":{"line":41,"column":21},"end":{"line":41,"column":27}},{"start":{"line":41,"column":31},"end":{"line":41,"column":40}}]},"5":{"loc":{"start":{"line":71,"column":4},"end":{"line":74,"column":5}},"type":"if","locations":[{"start":{"line":71,"column":4},"end":{"line":74,"column":5}},{"start":{},"end":{}}]},"6":{"loc":{"start":{"line":77,"column":4},"end":{"line":79,"column":5}},"type":"if","locations":[{"start":{"line":77,"column":4},"end":{"line":79,"column":5}},{"start":{},"end":{}}]},"7":{"loc":{"start":{"line":91,"column":8},"end":{"line":93,"column":9}},"type":"if","locations":[{"start":{"line":91,"column":8},"end":{"line":93,"column":9}},{"start":{},"end":{}}]}},"s":{"0":4,"1":4,"2":4,"3":4,"4":4,"5":4,"6":4,"7":4,"8":1,"9":1,"10":3,"11":1,"12":1,"13":2,"14":2,"15":0,"16":4,"17":2,"18":2,"19":2,"20":2,"21":2,"22":1,"23":1,"24":0,"25":4,"26":3,"27":3,"28":3,"29":3,"30":0,"31":3,"32":3,"33":3,"34":3,"35":0,"36":4,"37":1,"38":1,"39":1,"40":1,"41":1,"42":1,"43":1,"44":1,"45":1,"46":1,"47":0,"48":1,"49":0,"50":4,"51":1,"52":1,"53":1,"54":1,"55":1,"56":0,"57":1,"58":0,"59":4},"f":{"0":4,"1":4,"2":2,"3":2,"4":3,"5":3,"6":1,"7":1,"8":1,"9":1},"b":{"0":[1,3],"1":[1,2],"2":[1,1],"3":[0,3],"4":[3,3,3],"5":[1,0],"6":[0,1],"7":[0,1]}}
,"C:\\Users\\sahar\\Desktop\\3rdyear\\adv.app\\matalot\\assignment2-backend\\src\\middleware\\authMiddleware.ts": {"path":"C:\\Users\\sahar\\Desktop\\3rdyear\\adv.app\\matalot\\assignment2-backend\\src\\middleware\\authMiddleware.ts","statementMap":{"0":{"start":{"line":2,"column":0},"end":{"line":2,"column":31}},"1":{"start":{"line":6,"column":28},"end":{"line":20,"column":1}},"2":{"start":{"line":7,"column":23},"end":{"line":7,"column":48}},"3":{"start":{"line":8,"column":4},"end":{"line":10,"column":5}},"4":{"start":{"line":9,"column":8},"end":{"line":9,"column":65}},"5":{"start":{"line":11,"column":18},"end":{"line":11,"column":42}},"6":{"start":{"line":12,"column":19},"end":{"line":12,"column":61}},"7":{"start":{"line":13,"column":4},"end":{"line":19,"column":5}},"8":{"start":{"line":14,"column":24},"end":{"line":14,"column":68}},"9":{"start":{"line":15,"column":8},"end":{"line":15,"column":40}},"10":{"start":{"line":16,"column":8},"end":{"line":16,"column":15}},"11":{"start":{"line":18,"column":8},"end":{"line":18,"column":66}},"12":{"start":{"line":6,"column":13},"end":{"line":6,"column":28}}},"fnMap":{"0":{"name":"(anonymous_1)","decl":{"start":{"line":6,"column":28},"end":{"line":6,"column":29}},"loc":{"start":{"line":6,"column":84},"end":{"line":20,"column":1}}}},"branchMap":{"0":{"loc":{"start":{"line":8,"column":4},"end":{"line":10,"column":5}},"type":"if","locations":[{"start":{"line":8,"column":4},"end":{"line":10,"column":5}},{"start":{},"end":{}}]},"1":{"loc":{"start":{"line":8,"column":8},"end":{"line":8,"column":56}},"type":"binary-expr","locations":[{"start":{"line":8,"column":8},"end":{"line":8,"column":19}},{"start":{"line":8,"column":23},"end":{"line":8,"column":56}}]},"2":{"loc":{"start":{"line":12,"column":19},"end":{"line":12,"column":61}},"type":"binary-expr","locations":[{"start":{"line":12,"column":19},"end":{"line":12,"column":41}},{"start":{"line":12,"column":45},"end":{"line":12,"column":61}}]}},"s":{"0":4,"1":4,"2":28,"3":28,"4":1,"5":27,"6":27,"7":27,"8":27,"9":26,"10":26,"11":1,"12":4},"f":{"0":28},"b":{"0":[1,27],"1":[28,27],"2":[27,0]}}
,"C:\\Users\\sahar\\Desktop\\3rdyear\\adv.app\\matalot\\assignment2-backend\\src\\model\\commentModel.ts": {"path":"C:\\Users\\sahar\\Desktop\\3rdyear\\adv.app\\matalot\\assignment2-backend\\src\\model\\commentModel.ts","statementMap":{"0":{"start":{"line":2,"column":0},"end":{"line":2,"column":32}},"1":{"start":{"line":4,"column":22},"end":{"line":23,"column":2}},"2":{"start":{"line":25,"column":0},"end":{"line":25,"column":56}}},"fnMap":{},"branchMap":{},"s":{"0":4,"1":4,"2":4},"f":{},"b":{}}
,"C:\\Users\\sahar\\Desktop\\3rdyear\\adv.app\\matalot\\assignment2-backend\\src\\model\\postModel.ts": {"path":"C:\\Users\\sahar\\Desktop\\3rdyear\\adv.app\\matalot\\assignment2-backend\\src\\model\\postModel.ts","statementMap":{"0":{"start":{"line":2,"column":0},"end":{"line":2,"column":32}},"1":{"start":{"line":4,"column":19},"end":{"line":22,"column":2}},"2":{"start":{"line":24,"column":0},"end":{"line":24,"column":50}}},"fnMap":{},"branchMap":{},"s":{"0":4,"1":4,"2":4},"f":{},"b":{}}
,"C:\\Users\\sahar\\Desktop\\3rdyear\\adv.app\\matalot\\assignment2-backend\\src\\model\\userModel.ts": {"path":"C:\\Users\\sahar\\Desktop\\3rdyear\\adv.app\\matalot\\assignment2-backend\\src\\model\\userModel.ts","statementMap":{"0":{"start":{"line":2,"column":0},"end":{"line":2,"column":32}},"1":{"start":{"line":4,"column":19},"end":{"line":27,"column":2}},"2":{"start":{"line":29,"column":0},"end":{"line":29,"column":50}}},"fnMap":{},"branchMap":{},"s":{"0":4,"1":4,"2":4},"f":{},"b":{}}
,"C:\\Users\\sahar\\Desktop\\3rdyear\\adv.app\\matalot\\assignment2-backend\\src\\routes\\authRoute.ts": {"path":"C:\\Users\\sahar\\Desktop\\3rdyear\\adv.app\\matalot\\assignment2-backend\\src\\routes\\authRoute.ts","statementMap":{"0":{"start":{"line":2,"column":0},"end":{"line":2,"column":30}},"1":{"start":{"line":3,"column":0},"end":{"line":3,"column":59}},"2":{"start":{"line":4,"column":15},"end":{"line":4,"column":31}},"3":{"start":{"line":6,"column":0},"end":{"line":6,"column":50}},"4":{"start":{"line":7,"column":0},"end":{"line":7,"column":44}},"5":{"start":{"line":8,"column":0},"end":{"line":8,"column":53}},"6":{"start":{"line":9,"column":0},"end":{"line":9,"column":46}},"7":{"start":{"line":11,"column":0},"end":{"line":11,"column":22}}},"fnMap":{},"branchMap":{},"s":{"0":4,"1":4,"2":4,"3":4,"4":4,"5":4,"6":4,"7":4},"f":{},"b":{}}
,"C:\\Users\\sahar\\Desktop\\3rdyear\\adv.app\\matalot\\assignment2-backend\\src\\routes\\commentsRoute.ts": {"path":"C:\\Users\\sahar\\Desktop\\3rdyear\\adv.app\\matalot\\assignment2-backend\\src\\routes\\commentsRoute.ts","statementMap":{"0":{"start":{"line":2,"column":0},"end":{"line":2,"column":33}},"1":{"start":{"line":3,"column":0},"end":{"line":3,"column":65}},"2":{"start":{"line":4,"column":0},"end":{"line":4,"column":60}},"3":{"start":{"line":5,"column":15},"end":{"line":5,"column":23}},"4":{"start":{"line":7,"column":0},"end":{"line":7,"column":55}},"5":{"start":{"line":8,"column":0},"end":{"line":8,"column":53}},"6":{"start":{"line":9,"column":0},"end":{"line":9,"column":64}},"7":{"start":{"line":10,"column":0},"end":{"line":10,"column":69}},"8":{"start":{"line":11,"column":0},"end":{"line":11,"column":66}},"9":{"start":{"line":13,"column":0},"end":{"line":13,"column":22}}},"fnMap":{},"branchMap":{},"s":{"0":4,"1":4,"2":4,"3":4,"4":4,"5":4,"6":4,"7":4,"8":4,"9":4},"f":{},"b":{}}
,"C:\\Users\\sahar\\Desktop\\3rdyear\\adv.app\\matalot\\assignment2-backend\\src\\routes\\postRoutes.ts": {"path":"C:\\Users\\sahar\\Desktop\\3rdyear\\adv.app\\matalot\\assignment2-backend\\src\\routes\\postRoutes.ts","statementMap":{"0":{"start":{"line":2,"column":0},"end":{"line":2,"column":33}},"1":{"start":{"line":3,"column":0},"end":{"line":3,"column":60}},"2":{"start":{"line":4,"column":0},"end":{"line":4,"column":60}},"3":{"start":{"line":5,"column":15},"end":{"line":5,"column":23}},"4":{"start":{"line":7,"column":0},"end":{"line":7,"column":44}},"5":{"start":{"line":8,"column":0},"end":{"line":8,"column":68}},"6":{"start":{"line":9,"column":0},"end":{"line":9,"column":47}},"7":{"start":{"line":10,"column":0},"end":{"line":10,"column":61}},"8":{"start":{"line":11,"column":0},"end":{"line":11,"column":60}},"9":{"start":{"line":12,"column":0},"end":{"line":12,"column":63}},"10":{"start":{"line":15,"column":0},"end":{"line":15,"column":22}}},"fnMap":{},"branchMap":{},"s":{"0":4,"1":4,"2":4,"3":4,"4":4,"5":4,"6":4,"7":4,"8":4,"9":4,"10":4},"f":{},"b":{}}
,"C:\\Users\\sahar\\Desktop\\3rdyear\\adv.app\\matalot\\assignment2-backend\\src\\routes\\usersRoute.ts": {"path":"C:\\Users\\sahar\\Desktop\\3rdyear\\adv.app\\matalot\\assignment2-backend\\src\\routes\\usersRoute.ts","statementMap":{"0":{"start":{"line":2,"column":0},"end":{"line":2,"column":30}},"1":{"start":{"line":3,"column":0},"end":{"line":3,"column":59}},"2":{"start":{"line":4,"column":0},"end":{"line":4,"column":60}},"3":{"start":{"line":6,"column":15},"end":{"line":6,"column":31}},"4":{"start":{"line":8,"column":0},"end":{"line":8,"column":58}},"5":{"start":{"line":9,"column":0},"end":{"line":9,"column":58}},"6":{"start":{"line":10,"column":0},"end":{"line":10,"column":61}},"7":{"start":{"line":11,"column":0},"end":{"line":11,"column":60}},"8":{"start":{"line":12,"column":0},"end":{"line":12,"column":63}},"9":{"start":{"line":14,"column":0},"end":{"line":14,"column":22}}},"fnMap":{},"branchMap":{},"s":{"0":4,"1":4,"2":4,"3":4,"4":4,"5":4,"6":4,"7":4,"8":4,"9":4},"f":{},"b":{}}
,"C:\\Users\\sahar\\Desktop\\3rdyear\\adv.app\\matalot\\assignment2-backend\\src\\tests\\utils.ts": {"path":"C:\\Users\\sahar\\Desktop\\3rdyear\\adv.app\\matalot\\assignment2-backend\\src\\tests\\utils.ts","statementMap":{"0":{"start":{"line":1,"column":0},"end":{"line":1,"column":32}},"1":{"start":{"line":20,"column":13},"end":{"line":24,"column":2}},"2":{"start":{"line":26,"column":30},"end":{"line":44,"column":2}},"3":{"start":{"line":26,"column":72},"end":{"line":44,"column":2}},"4":{"start":{"line":27,"column":21},"end":{"line":27,"column":92}},"5":{"start":{"line":28,"column":21},"end":{"line":28,"column":38}},"6":{"start":{"line":29,"column":18},"end":{"line":29,"column":32}},"7":{"start":{"line":30,"column":21},"end":{"line":30,"column":38}},"8":{"start":{"line":31,"column":19},"end":{"line":31,"column":96}},"9":{"start":{"line":32,"column":4},"end":{"line":34,"column":5}},"10":{"start":{"line":33,"column":8},"end":{"line":33,"column":84}},"11":{"start":{"line":35,"column":32},"end":{"line":42,"column":6}},"12":{"start":{"line":43,"column":4},"end":{"line":43,"column":21}},"13":{"start":{"line":26,"column":13},"end":{"line":26,"column":30}},"14":{"start":{"line":48,"column":13},"end":{"line":52,"column":2}},"15":{"start":{"line":56,"column":13},"end":{"line":60,"column":2}}},"fnMap":{"0":{"name":"(anonymous_8)","decl":{"start":{"line":26,"column":30},"end":{"line":26,"column":37}},"loc":{"start":{"line":26,"column":72},"end":{"line":44,"column":2}}},"1":{"name":"(anonymous_9)","decl":{"start":{"line":26,"column":72},"end":{"line":26,"column":null}},"loc":{"start":{"line":26,"column":72},"end":{"line":44,"column":1}}}},"branchMap":{"0":{"loc":{"start":{"line":32,"column":4},"end":{"line":34,"column":5}},"type":"if","locations":[{"start":{"line":32,"column":4},"end":{"line":34,"column":5}},{"start":{},"end":{}}]}},"s":{"0":4,"1":4,"2":4,"3":4,"4":4,"5":4,"6":4,"7":4,"8":4,"9":4,"10":2,"11":4,"12":4,"13":4,"14":4,"15":4},"f":{"0":4,"1":4},"b":{"0":[2,2]}}
}
