TN:
SF:src\index.ts
FN:27,(anonymous_1)
FN:28,(anonymous_2)
FN:37,(anonymous_3)
FN:42,(anonymous_4)
FN:43,(anonymous_5)
FNF:5
FNH:4
FNDA:4,(anonymous_1)
FNDA:4,(anonymous_2)
FNDA:4,(anonymous_3)
FNDA:0,(anonymous_4)
FNDA:4,(anonymous_5)
DA:2,4
DA:3,4
DA:4,4
DA:5,4
DA:6,4
DA:7,4
DA:8,4
DA:9,4
DA:10,4
DA:12,4
DA:13,4
DA:16,4
DA:17,4
DA:19,4
DA:22,4
DA:23,4
DA:24,4
DA:25,4
DA:27,4
DA:28,4
DA:29,4
DA:30,4
DA:31,0
DA:32,0
DA:35,4
DA:38,4
DA:41,4
DA:42,4
DA:43,4
DA:46,4
DA:49,4
LF:31
LH:29
BRDA:12,0,0,4
BRDA:12,0,1,0
BRDA:30,1,0,0
BRDA:30,1,1,4
BRF:4
BRH:2
end_of_record
TN:
SF:src\controllers\authController.ts
FN:7,(anonymous_8)
FN:16,(anonymous_9)
FN:35,(anonymous_10)
FN:35,(anonymous_11)
FN:57,(anonymous_12)
FN:57,(anonymous_13)
FN:81,(anonymous_14)
FN:81,(anonymous_15)
FN:100,(anonymous_16)
FN:109,(anonymous_17)
FN:109,(anonymous_18)
FN:121,(anonymous_19)
FNF:12
FNH:11
FNDA:13,(anonymous_8)
FNDA:8,(anonymous_9)
FNDA:8,(anonymous_10)
FNDA:8,(anonymous_11)
FNDA:7,(anonymous_12)
FNDA:7,(anonymous_13)
FNDA:5,(anonymous_14)
FNDA:5,(anonymous_15)
FNDA:4,(anonymous_16)
FNDA:2,(anonymous_17)
FNDA:2,(anonymous_18)
FNDA:0,(anonymous_19)
DA:3,4
DA:4,4
DA:5,4
DA:7,4
DA:8,13
DA:16,4
DA:17,8
DA:19,8
DA:20,8
DA:25,8
DA:26,8
DA:27,8
DA:32,8
DA:35,8
DA:36,8
DA:37,8
DA:38,8
DA:39,8
DA:40,3
DA:43,5
DA:44,5
DA:45,5
DA:46,5
DA:47,3
DA:48,3
DA:49,3
DA:51,3
DA:53,2
DA:57,7
DA:58,7
DA:59,7
DA:60,7
DA:61,2
DA:63,5
DA:64,5
DA:65,5
DA:66,1
DA:68,4
DA:69,4
DA:70,1
DA:72,3
DA:73,3
DA:74,3
DA:75,3
DA:77,0
DA:81,5
DA:82,5
DA:83,5
DA:84,0
DA:86,5
DA:87,5
DA:88,5
DA:90,5
DA:91,5
DA:92,0
DA:94,5
DA:95,3
DA:96,3
DA:97,3
DA:99,2
DA:100,4
DA:101,2
DA:102,2
DA:103,2
DA:105,0
DA:109,4
DA:110,2
DA:111,2
DA:112,1
DA:114,1
DA:115,1
DA:116,1
DA:117,1
DA:118,1
DA:119,0
DA:121,1
DA:122,1
DA:123,1
DA:125,0
DA:129,4
LF:80
LH:74
BRDA:17,0,0,8
BRDA:17,0,1,0
BRDA:19,1,0,8
BRDA:19,1,1,0
BRDA:25,2,0,8
BRDA:25,2,1,0
BRDA:39,3,0,3
BRDA:39,3,1,5
BRDA:39,4,0,8
BRDA:39,4,1,7
BRDA:39,4,2,6
BRDA:60,5,0,2
BRDA:60,5,1,5
BRDA:60,6,0,7
BRDA:60,6,1,6
BRDA:65,7,0,1
BRDA:65,7,1,4
BRDA:69,8,0,1
BRDA:69,8,1,3
BRDA:83,9,0,0
BRDA:83,9,1,5
BRDA:86,10,0,5
BRDA:86,10,1,0
BRDA:91,11,0,0
BRDA:91,11,1,5
BRDA:94,12,0,3
BRDA:94,12,1,2
BRDA:111,13,0,1
BRDA:111,13,1,1
BRDA:114,14,0,1
BRDA:114,14,1,0
BRDA:118,15,0,0
BRDA:118,15,1,1
BRF:33
BRH:25
end_of_record
TN:
SF:src\controllers\commentController.ts
FN:7,(anonymous_8)
FN:7,(anonymous_9)
FN:24,(anonymous_10)
FN:24,(anonymous_11)
FN:38,(anonymous_12)
FN:38,(anonymous_13)
FN:63,(anonymous_14)
FN:63,(anonymous_15)
FN:76,(anonymous_16)
FN:76,(anonymous_17)
FNF:10
FNH:10
FNDA:3,(anonymous_8)
FNDA:3,(anonymous_9)
FNDA:2,(anonymous_10)
FNDA:2,(anonymous_11)
FNDA:5,(anonymous_12)
FNDA:5,(anonymous_13)
FNDA:1,(anonymous_14)
FNDA:1,(anonymous_15)
FNDA:1,(anonymous_16)
FNDA:1,(anonymous_17)
DA:3,4
DA:4,4
DA:7,4
DA:8,3
DA:9,3
DA:11,3
DA:12,1
DA:14,2
DA:17,3
DA:19,0
DA:24,4
DA:25,2
DA:26,2
DA:27,2
DA:28,2
DA:29,1
DA:31,1
DA:33,0
DA:38,5
DA:39,5
DA:40,5
DA:41,5
DA:42,0
DA:45,5
DA:46,5
DA:47,0
DA:50,5
DA:56,5
DA:58,0
DA:63,4
DA:64,1
DA:65,1
DA:66,1
DA:67,1
DA:69,1
DA:71,0
DA:76,4
DA:77,1
DA:78,1
DA:79,1
DA:80,1
DA:81,1
DA:82,1
DA:83,1
DA:84,0
DA:86,1
DA:88,0
DA:94,4
LF:48
LH:40
BRDA:11,0,0,1
BRDA:11,0,1,2
BRDA:11,1,0,3
BRDA:11,1,1,1
BRDA:28,2,0,1
BRDA:28,2,1,1
BRDA:40,3,0,0
BRDA:40,3,1,5
BRDA:40,4,0,5
BRDA:40,4,1,5
BRDA:41,5,0,0
BRDA:41,5,1,5
BRDA:46,6,0,0
BRDA:46,6,1,5
BRDA:46,7,0,5
BRDA:46,7,1,5
BRDA:67,8,0,0
BRDA:67,8,1,1
BRDA:83,9,0,0
BRDA:83,9,1,1
BRF:20
BRH:15
end_of_record
TN:
SF:src\controllers\postControllers.ts
FN:8,(anonymous_8)
FN:8,(anonymous_9)
FN:23,(anonymous_10)
FN:23,(anonymous_11)
FN:37,(anonymous_12)
FN:37,(anonymous_13)
FN:61,(anonymous_14)
FN:61,(anonymous_15)
FN:76,(anonymous_16)
FN:76,(anonymous_17)
FN:86,(anonymous_18)
FN:86,(anonymous_19)
FNF:12
FNH:12
FNDA:3,(anonymous_8)
FNDA:3,(anonymous_9)
FNDA:2,(anonymous_10)
FNDA:2,(anonymous_11)
FNDA:6,(anonymous_12)
FNDA:6,(anonymous_13)
FNDA:1,(anonymous_14)
FNDA:1,(anonymous_15)
FNDA:1,(anonymous_16)
FNDA:1,(anonymous_17)
FNDA:1,(anonymous_18)
FNDA:1,(anonymous_19)
DA:3,4
DA:4,4
DA:5,4
DA:8,4
DA:9,3
DA:10,3
DA:11,3
DA:12,1
DA:13,1
DA:16,2
DA:17,2
DA:19,0
DA:23,4
DA:24,2
DA:25,2
DA:26,2
DA:27,2
DA:28,1
DA:30,1
DA:32,0
DA:33,0
DA:37,6
DA:38,6
DA:39,6
DA:40,6
DA:41,0
DA:44,6
DA:45,6
DA:46,0
DA:49,6
DA:55,6
DA:57,0
DA:61,4
DA:62,1
DA:63,1
DA:64,1
DA:65,1
DA:66,1
DA:67,1
DA:68,0
DA:70,1
DA:72,0
DA:76,4
DA:77,1
DA:78,1
DA:79,1
DA:80,1
DA:82,0
DA:86,4
DA:87,1
DA:88,1
DA:89,1
DA:90,1
DA:91,0
DA:93,1
DA:95,0
DA:99,4
LF:57
LH:46
BRDA:11,0,0,1
BRDA:11,0,1,2
BRDA:11,1,0,3
BRDA:11,1,1,1
BRDA:27,2,0,1
BRDA:27,2,1,1
BRDA:39,3,0,0
BRDA:39,3,1,6
BRDA:39,4,0,6
BRDA:39,4,1,6
BRDA:40,5,0,0
BRDA:40,5,1,6
BRDA:45,6,0,0
BRDA:45,6,1,6
BRDA:45,7,0,6
BRDA:45,7,1,6
BRDA:67,8,0,0
BRDA:67,8,1,1
BRDA:90,9,0,0
BRDA:90,9,1,1
BRF:20
BRH:15
end_of_record
TN:
SF:src\controllers\userController.ts
FN:6,(anonymous_8)
FN:6,(anonymous_9)
FN:25,(anonymous_10)
FN:25,(anonymous_11)
FN:38,(anonymous_12)
FN:38,(anonymous_13)
FN:66,(anonymous_14)
FN:66,(anonymous_15)
FN:87,(anonymous_16)
FN:87,(anonymous_17)
FNF:10
FNH:10
FNDA:4,(anonymous_8)
FNDA:4,(anonymous_9)
FNDA:2,(anonymous_10)
FNDA:2,(anonymous_11)
FNDA:3,(anonymous_12)
FNDA:3,(anonymous_13)
FNDA:1,(anonymous_14)
FNDA:1,(anonymous_15)
FNDA:1,(anonymous_16)
FNDA:1,(anonymous_17)
DA:3,4
DA:4,4
DA:6,4
DA:7,4
DA:8,4
DA:9,4
DA:10,4
DA:11,1
DA:12,1
DA:13,3
DA:14,1
DA:15,1
DA:17,2
DA:18,2
DA:21,0
DA:25,4
DA:26,2
DA:27,2
DA:28,2
DA:29,2
DA:30,1
DA:32,1
DA:34,0
DA:38,4
DA:39,3
DA:40,3
DA:41,3
DA:42,0
DA:45,3
DA:46,3
DA:48,3
DA:55,3
DA:62,0
DA:66,4
DA:67,1
DA:68,1
DA:69,1
DA:70,1
DA:71,1
DA:72,1
DA:73,1
DA:76,1
DA:77,1
DA:78,0
DA:81,1
DA:83,0
DA:87,4
DA:88,1
DA:89,1
DA:90,1
DA:91,1
DA:92,0
DA:94,1
DA:100,0
DA:104,4
LF:55
LH:47
BRDA:10,0,0,1
BRDA:10,0,1,3
BRDA:13,1,0,1
BRDA:13,1,1,2
BRDA:29,2,0,1
BRDA:29,2,1,1
BRDA:41,3,0,0
BRDA:41,3,1,3
BRDA:41,4,0,3
BRDA:41,4,1,3
BRDA:41,4,2,3
BRDA:71,5,0,1
BRDA:71,5,1,0
BRDA:77,6,0,0
BRDA:77,6,1,1
BRDA:91,7,0,0
BRDA:91,7,1,1
BRF:17
BRH:13
end_of_record
TN:
SF:src\middleware\authMiddleware.ts
FN:6,(anonymous_1)
FNF:1
FNH:1
FNDA:28,(anonymous_1)
DA:2,4
DA:6,4
DA:7,28
DA:8,28
DA:9,1
DA:11,27
DA:12,27
DA:13,27
DA:14,27
DA:15,26
DA:16,26
DA:18,1
LF:12
LH:12
BRDA:8,0,0,1
BRDA:8,0,1,27
BRDA:8,1,0,28
BRDA:8,1,1,27
BRDA:12,2,0,27
BRDA:12,2,1,0
BRF:6
BRH:5
end_of_record
TN:
SF:src\model\commentModel.ts
FNF:0
FNH:0
DA:2,4
DA:4,4
DA:25,4
LF:3
LH:3
BRF:0
BRH:0
end_of_record
TN:
SF:src\model\postModel.ts
FNF:0
FNH:0
DA:2,4
DA:4,4
DA:24,4
LF:3
LH:3
BRF:0
BRH:0
end_of_record
TN:
SF:src\model\userModel.ts
FNF:0
FNH:0
DA:2,4
DA:4,4
DA:29,4
LF:3
LH:3
BRF:0
BRH:0
end_of_record
TN:
SF:src\routes\authRoute.ts
FNF:0
FNH:0
DA:2,4
DA:3,4
DA:4,4
DA:6,4
DA:7,4
DA:8,4
DA:9,4
DA:11,4
LF:8
LH:8
BRF:0
BRH:0
end_of_record
TN:
SF:src\routes\commentsRoute.ts
FNF:0
FNH:0
DA:2,4
DA:3,4
DA:4,4
DA:5,4
DA:7,4
DA:8,4
DA:9,4
DA:10,4
DA:11,4
DA:13,4
LF:10
LH:10
BRF:0
BRH:0
end_of_record
TN:
SF:src\routes\postRoutes.ts
FNF:0
FNH:0
DA:2,4
DA:3,4
DA:4,4
DA:5,4
DA:7,4
DA:8,4
DA:9,4
DA:10,4
DA:11,4
DA:12,4
DA:15,4
LF:11
LH:11
BRF:0
BRH:0
end_of_record
TN:
SF:src\routes\usersRoute.ts
FNF:0
FNH:0
DA:2,4
DA:3,4
DA:4,4
DA:6,4
DA:8,4
DA:9,4
DA:10,4
DA:11,4
DA:12,4
DA:14,4
LF:10
LH:10
BRF:0
BRH:0
end_of_record
TN:
SF:src\tests\utils.ts
FN:26,(anonymous_8)
FN:26,(anonymous_9)
FNF:2
FNH:2
FNDA:4,(anonymous_8)
FNDA:4,(anonymous_9)
DA:1,4
DA:20,4
DA:26,4
DA:27,4
DA:28,4
DA:29,4
DA:30,4
DA:31,4
DA:32,4
DA:33,2
DA:35,4
DA:43,4
DA:48,4
DA:56,4
LF:14
LH:14
BRDA:32,0,0,2
BRDA:32,0,1,2
BRF:2
BRH:2
end_of_record
